<?xml version="1.0" encoding="UTF-8"?>
<testsuite name="Calendar filter tests" tests="1" skipped="0" failures="0" errors="0" timestamp="2022-03-04T12:28:12" hostname="vnvc.local" time="29.087">
  <properties/>
  <testcase name="Filter by time period, importance and currency" classname="tests.FilterTests" time="29.087"/>
  <system-out><![CDATA[]]></system-out>
  <system-err><![CDATA[Starting ChromeDriver 98.0.4758.102 (273bf7ac8c909cde36982d27f66f3c70846a3718-refs/branch-heads/4758@{#1151}) on port 55826
Only local connections are allowed.
Please see https://chromedriver.chromium.org/security-considerations for suggestions on keeping ChromeDriver safe.
ChromeDriver was started successfully.
Mar 04, 2022 4:28:17 PM org.openqa.selenium.remote.ProtocolHandshake createSession
INFO: Detected dialect: W3C
Mar 04, 2022 4:28:23 PM org.openqa.selenium.devtools.CdpVersionFinder findNearestMatch
WARNING: Unable to find an exact match for CDP version 98, so returning the closest version found: 97
Mar 04, 2022 4:28:23 PM org.openqa.selenium.devtools.CdpVersionFinder findNearestMatch
INFO: Found CDP implementation for version 98 of 97
]]></system-err>
</testsuite>
